# JRE version: OpenJDK Runtime Environment (15.0.2+7) (build 15.0.2+7-27)
# Java VM: OpenJDK 64-Bit Server VM (15.0.2+7-27, mixed mode, tiered, compressed oops, g1 gc, windows-amd64)
GC Precious Log:
 CPUs: 16 total, 16 available
 Memory: 16147M
 Large Page Support: Disabled
 NUMA Support: Disabled
 Compressed Oops: Enabled (Zero based)
 Heap Region Size: 2M
 Heap Min Capacity: 8M
 Heap Initial Capacity: 254M
 Heap Max Capacity: 4038M
 Pre-touch: Disabled
 Parallel Workers: 13
 Concurrent Workers: 3
 Concurrent Refinement Workers: 13
 Periodic GC: Disabled
Heap:
 garbage-first heap   total 55296K, used 29921K [0x0000000703a00000, 0x0000000800000000)
  region size 2048K, 4 young (8192K), 1 survivors (2048K)
 Metaspace       used 46287K, capacity 46705K, committed 46848K, reserved 1091584K
  class space    used 4869K, capacity 5008K, committed 5120K, reserved 1048576K
GC Heap History (20 events):
Event: 1.587 GC heap before
{Heap before GC invocations=4 (full 0):
 garbage-first heap   total 34816K, used 19143K [0x0000000703a00000, 0x0000000800000000)
  region size 2048K, 9 young (18432K), 2 survivors (4096K)
 Metaspace       used 25735K, capacity 26034K, committed 26240K, reserved 1073152K
  class space    used 2778K, capacity 2865K, committed 2944K, reserved 1048576K
}
Event: 1.591 GC heap after
{Heap after GC invocations=5 (full 0):
 garbage-first heap   total 34816K, used 7634K [0x0000000703a00000, 0x0000000800000000)
  region size 2048K, 1 young (2048K), 1 survivors (2048K)
 Metaspace       used 25735K, capacity 26034K, committed 26240K, reserved 1073152K
  class space    used 2778K, capacity 2865K, committed 2944K, reserved 1048576K
}
Event: 1.901 GC heap before
{Heap before GC invocations=5 (full 0):
 garbage-first heap   total 34816K, used 21970K [0x0000000703a00000, 0x0000000800000000)
  region size 2048K, 8 young (16384K), 1 survivors (2048K)
 Metaspace       used 28815K, capacity 29095K, committed 29184K, reserved 1075200K
  class space    used 3160K, capacity 3264K, committed 3328K, reserved 1048576K
}
Event: 1.907 GC heap after
{Heap after GC invocations=6 (full 0):
 garbage-first heap   total 34816K, used 8472K [0x0000000703a00000, 0x0000000800000000)
  region size 2048K, 1 young (2048K), 1 survivors (2048K)
 Metaspace       used 28815K, capacity 29095K, committed 29184K, reserved 1075200K
  class space    used 3160K, capacity 3264K, committed 3328K, reserved 1048576K
}
Event: 2.270 GC heap before
{Heap before GC invocations=6 (full 0):
 garbage-first heap   total 34816K, used 22808K [0x0000000703a00000, 0x0000000800000000)
  region size 2048K, 8 young (16384K), 1 survivors (2048K)
 Metaspace       used 32259K, capacity 32579K, committed 32640K, reserved 1079296K
  class space    used 3555K, capacity 3658K, committed 3712K, reserved 1048576K
}
Event: 2.279 GC heap after
{Heap after GC invocations=7 (full 0):
 garbage-first heap   total 34816K, used 10220K [0x0000000703a00000, 0x0000000800000000)
  region size 2048K, 1 young (2048K), 1 survivors (2048K)
 Metaspace       used 32259K, capacity 32579K, committed 32640K, reserved 1079296K
  class space    used 3555K, capacity 3658K, committed 3712K, reserved 1048576K
}
Event: 2.525 GC heap before
{Heap before GC invocations=7 (full 0):
 garbage-first heap   total 34816K, used 22508K [0x0000000703a00000, 0x0000000800000000)
  region size 2048K, 7 young (14336K), 1 survivors (2048K)
 Metaspace       used 34729K, capacity 35056K, committed 35200K, reserved 1081344K
  class space    used 3805K, capacity 3898K, committed 3968K, reserved 1048576K
}
Event: 2.531 GC heap after
{Heap after GC invocations=8 (full 0):
 garbage-first heap   total 147456K, used 11268K [0x0000000703a00000, 0x0000000800000000)
  region size 2048K, 1 young (2048K), 1 survivors (2048K)
 Metaspace       used 34729K, capacity 35056K, committed 35200K, reserved 1081344K
  class space    used 3805K, capacity 3898K, committed 3968K, reserved 1048576K
}
Event: 2.637 GC heap before
{Heap before GC invocations=8 (full 0):
 garbage-first heap   total 147456K, used 17412K [0x0000000703a00000, 0x0000000800000000)
  region size 2048K, 5 young (10240K), 1 survivors (2048K)
 Metaspace       used 35380K, capacity 35721K, committed 35840K, reserved 1081344K
  class space    used 3885K, capacity 4005K, committed 4096K, reserved 1048576K
}
Event: 2.640 GC heap after
{Heap after GC invocations=9 (full 0):
 garbage-first heap   total 147456K, used 11784K [0x0000000703a00000, 0x0000000800000000)
  region size 2048K, 1 young (2048K), 1 survivors (2048K)
 Metaspace       used 35380K, capacity 35721K, committed 35840K, reserved 1081344K
  class space    used 3885K, capacity 4005K, committed 4096K, reserved 1048576K
}
Event: 3.242 GC heap before
{Heap before GC invocations=10 (full 0):
 garbage-first heap   total 55296K, used 40456K [0x0000000703a00000, 0x0000000800000000)
  region size 2048K, 16 young (32768K), 1 survivors (2048K)
 Metaspace       used 41610K, capacity 42009K, committed 42240K, reserved 1087488K
  class space    used 4588K, capacity 4746K, committed 4864K, reserved 1048576K
}
Event: 3.246 GC heap after
{Heap after GC invocations=11 (full 0):
 garbage-first heap   total 55296K, used 15235K [0x0000000703a00000, 0x0000000800000000)
  region size 2048K, 2 young (4096K), 2 survivors (4096K)
 Metaspace       used 41610K, capacity 42009K, committed 42240K, reserved 1087488K
  class space    used 4588K, capacity 4746K, committed 4864K, reserved 1048576K
}
Event: 34.200 GC heap before
{Heap before GC invocations=11 (full 0):
 garbage-first heap   total 55296K, used 35715K [0x0000000703a00000, 0x0000000800000000)
  region size 2048K, 13 young (26624K), 2 survivors (4096K)
 Metaspace       used 45304K, capacity 45745K, committed 46080K, reserved 1089536K
  class space    used 4866K, capacity 5008K, committed 5120K, reserved 1048576K
}
Event: 34.209 GC heap after
{Heap after GC invocations=12 (full 0):
 garbage-first heap   total 55296K, used 18727K [0x0000000703a00000, 0x0000000800000000)
  region size 2048K, 2 young (4096K), 2 survivors (4096K)
 Metaspace       used 45304K, capacity 45745K, committed 46080K, reserved 1089536K
  class space    used 4866K, capacity 5008K, committed 5120K, reserved 1048576K
}
Event: 34.859 GC heap before
{Heap before GC invocations=12 (full 0):
 garbage-first heap   total 55296K, used 37159K [0x0000000703a00000, 0x0000000800000000)
  region size 2048K, 11 young (22528K), 2 survivors (4096K)
 Metaspace       used 46154K, capacity 46577K, committed 46848K, reserved 1091584K
  class space    used 4867K, capacity 5008K, committed 5120K, reserved 1048576K
}
Event: 34.864 GC heap after
{Heap after GC invocations=13 (full 0):
 garbage-first heap   total 55296K, used 21549K [0x0000000703a00000, 0x0000000800000000)
  region size 2048K, 2 young (4096K), 2 survivors (4096K)
 Metaspace       used 46154K, capacity 46577K, committed 46848K, reserved 1091584K
  class space    used 4867K, capacity 5008K, committed 5120K, reserved 1048576K
}
Event: 35.563 GC heap before
{Heap before GC invocations=13 (full 0):
 garbage-first heap   total 55296K, used 37933K [0x0000000703a00000, 0x0000000800000000)
  region size 2048K, 10 young (20480K), 2 survivors (4096K)
 Metaspace       used 46278K, capacity 46641K, committed 46848K, reserved 1091584K
  class space    used 4869K, capacity 5008K, committed 5120K, reserved 1048576K
}
Event: 35.569 GC heap after
{Heap after GC invocations=14 (full 0):
 garbage-first heap   total 55296K, used 23947K [0x0000000703a00000, 0x0000000800000000)
  region size 2048K, 2 young (4096K), 2 survivors (4096K)
 Metaspace       used 46278K, capacity 46641K, committed 46848K, reserved 1091584K
  class space    used 4869K, capacity 5008K, committed 5120K, reserved 1048576K
}
Event: 36.190 GC heap before
{Heap before GC invocations=14 (full 0):
 garbage-first heap   total 55296K, used 38283K [0x0000000703a00000, 0x0000000800000000)
  region size 2048K, 9 young (18432K), 2 survivors (4096K)
 Metaspace       used 46287K, capacity 46705K, committed 46848K, reserved 1091584K
  class space    used 4869K, capacity 5008K, committed 5120K, reserved 1048576K
}
Event: 36.205 GC heap after
{Heap after GC invocations=15 (full 0):
 garbage-first heap   total 55296K, used 25825K [0x0000000703a00000, 0x0000000800000000)
  region size 2048K, 1 young (2048K), 1 survivors (2048K)
 Metaspace       used 46287K, capacity 46705K, committed 46848K, reserved 1091584K
  class space    used 4869K, capacity 5008K, committed 5120K, reserved 1048576K
}

